<?xml version="1.0" encoding="UTF-8"?>
<testsuite name="api_test_automation_2024"
           tests="6"
           failures="0"
           errors="0"
           skipped="0"
           time="9,334">
  <properties />
  
  
            <testcase name="shouldCreateUserAndReturnId" time="2,895" classname="pl.globallogic.gorest.UserManagementSmokeTest" />
                <testcase name="shouldUpdateUserWithNewEmail" time="1,171" classname="pl.globallogic.gorest.UserManagementSmokeTest" />
                <testcase name="shouldDeleteUserFromSystem" time="1,703" classname="pl.globallogic.gorest.UserManagementSmokeTest" />
                <testcase name="shouldGetUserInformationById" time="0,932" classname="pl.globallogic.gorest.UserManagementSmokeTest" />
                <testcase name="validateUserDataAgainstSchema" time="1,661" classname="pl.globallogic.gorest.UserManagementSmokeTest" />
                <testcase name="shouldListAllUsersInformationWithPaginationOptions" time="0,972" classname="pl.globallogic.gorest.UserManagementSmokeTest" />
      
</testsuite>
